<?xml version="1.0" encoding="UTF-8"?>
<testsuite xmlns:xsi="http://www.w3.org/2001/XMLSchema-instance" xsi:noNamespaceSchemaLocation="https://maven.apache.org/surefire/maven-surefire-plugin/xsd/surefire-test-report.xsd" version="3.0.2" name="CameraTest" time="0.142" tests="3" errors="0" skipped="0" failures="0">
  <properties>
[...]
</properties>
  <testcase name="testProcessDetectedObjects_InvalidTick" classname="CameraTest" time="0.068"/>
  <testcase name="testProcessDetectedObjects_ValidObjectsAndTick" classname="CameraTest" time="0.007"/>
  <testcase name="testProcessDetectedObjects_NoObjects" classname="CameraTest" time="0.003"/>
</testsuite>